\BOOKMARK [0][-]{chapter.1}{\376\377\0001\000\040\000C\000l\000a\000s\000s\000\040\000I\000n\000d\000e\000x}{}% 1
\BOOKMARK [1][-]{section.1.1}{\376\377\0001\000.\0001\000\040\000C\000l\000a\000s\000s\000\040\000L\000i\000s\000t}{chapter.1}% 2
\BOOKMARK [0][-]{chapter.2}{\376\377\0002\000\040\000F\000i\000l\000e\000\040\000I\000n\000d\000e\000x}{}% 3
\BOOKMARK [1][-]{section.2.1}{\376\377\0002\000.\0001\000\040\000F\000i\000l\000e\000\040\000L\000i\000s\000t}{chapter.2}% 4
\BOOKMARK [0][-]{chapter.3}{\376\377\0003\000\040\000C\000l\000a\000s\000s\000\040\000D\000o\000c\000u\000m\000e\000n\000t\000a\000t\000i\000o\000n}{}% 5
\BOOKMARK [1][-]{section.3.1}{\376\377\0003\000.\0001\000\040\000h\000e\000t\000e\000r\000o\000g\000e\000n\000e\000o\000u\000s\000:\000:\000a\000d\000a\000p\000t\000o\000r\000<\000\040\000c\000o\000n\000t\000a\000i\000n\000e\000r\000\137\000t\000y\000p\000e\000\040\000>\000\040\000C\000l\000a\000s\000s\000\040\000T\000e\000m\000p\000l\000a\000t\000e\000\040\000R\000e\000f\000e\000r\000e\000n\000c\000e}{chapter.3}% 6
\BOOKMARK [2][-]{subsection.3.1.1}{\376\377\0003\000.\0001\000.\0001\000\040\000M\000e\000m\000b\000e\000r\000\040\000F\000u\000n\000c\000t\000i\000o\000n\000\040\000D\000o\000c\000u\000m\000e\000n\000t\000a\000t\000i\000o\000n}{section.3.1}% 7
\BOOKMARK [3][-]{subsubsection.3.1.1.1}{\376\377\0003\000.\0001\000.\0001\000.\0001\000\040\000a\000t}{subsection.3.1.1}% 8
\BOOKMARK [3][-]{subsubsection.3.1.1.2}{\376\377\0003\000.\0001\000.\0001\000.\0002\000\040\000a\000t}{subsection.3.1.1}% 9
\BOOKMARK [3][-]{subsubsection.3.1.1.3}{\376\377\0003\000.\0001\000.\0001\000.\0003\000\040\000f\000i\000r\000s\000t}{subsection.3.1.1}% 10
\BOOKMARK [3][-]{subsubsection.3.1.1.4}{\376\377\0003\000.\0001\000.\0001\000.\0004\000\040\000g\000e\000t}{subsection.3.1.1}% 11
\BOOKMARK [3][-]{subsubsection.3.1.1.5}{\376\377\0003\000.\0001\000.\0001\000.\0005\000\040\000l\000a\000s\000t}{subsection.3.1.1}% 12
\BOOKMARK [3][-]{subsubsection.3.1.1.6}{\376\377\0003\000.\0001\000.\0001\000.\0006\000\040\000s\000w\000a\000p}{subsection.3.1.1}% 13
\BOOKMARK [3][-]{subsubsection.3.1.1.7}{\376\377\0003\000.\0001\000.\0001\000.\0007\000\040\000s\000w\000a\000p}{subsection.3.1.1}% 14
\BOOKMARK [1][-]{section.3.2}{\376\377\0003\000.\0002\000\040\000h\000e\000t\000e\000r\000o\000g\000e\000n\000e\000o\000u\000s\000:\000:\000h\000e\000t\000e\000r\000o\000d\000e\000q\000u\000e\000<\000\040\000T\000,\000\040\000T\000y\000p\000e\000s\000.\000.\000.\000>\000\040\000C\000l\000a\000s\000s\000\040\000T\000e\000m\000p\000l\000a\000t\000e\000\040\000R\000e\000f\000e\000r\000e\000n\000c\000e}{chapter.3}% 15
\BOOKMARK [1][-]{section.3.3}{\376\377\0003\000.\0003\000\040\000h\000e\000t\000e\000r\000o\000g\000e\000n\000e\000o\000u\000s\000:\000:\000h\000e\000t\000e\000r\000o\000v\000e\000c\000t\000o\000r\000<\000\040\000T\000,\000\040\000T\000y\000p\000e\000s\000.\000.\000.\000>\000\040\000C\000l\000a\000s\000s\000\040\000T\000e\000m\000p\000l\000a\000t\000e\000\040\000R\000e\000f\000e\000r\000e\000n\000c\000e}{chapter.3}% 16
\BOOKMARK [0][-]{chapter.4}{\376\377\0004\000\040\000F\000i\000l\000e\000\040\000D\000o\000c\000u\000m\000e\000n\000t\000a\000t\000i\000o\000n}{}% 17
\BOOKMARK [1][-]{section.4.1}{\376\377\0004\000.\0001\000\040\000a\000d\000a\000p\000t\000o\000r\000.\000h\000p\000p\000\040\000F\000i\000l\000e\000\040\000R\000e\000f\000e\000r\000e\000n\000c\000e}{chapter.4}% 18
\BOOKMARK [2][-]{subsection.4.1.1}{\376\377\0004\000.\0001\000.\0001\000\040\000D\000e\000t\000a\000i\000l\000e\000d\000\040\000D\000e\000s\000c\000r\000i\000p\000t\000i\000o\000n}{section.4.1}% 19
\BOOKMARK [1][-]{section.4.2}{\376\377\0004\000.\0002\000\040\000h\000e\000t\000e\000r\000o\000d\000e\000q\000u\000e\000.\000h\000p\000p\000\040\000F\000i\000l\000e\000\040\000R\000e\000f\000e\000r\000e\000n\000c\000e}{chapter.4}% 20
\BOOKMARK [2][-]{subsection.4.2.1}{\376\377\0004\000.\0002\000.\0001\000\040\000D\000e\000t\000a\000i\000l\000e\000d\000\040\000D\000e\000s\000c\000r\000i\000p\000t\000i\000o\000n}{section.4.2}% 21
\BOOKMARK [1][-]{section.4.3}{\376\377\0004\000.\0003\000\040\000h\000e\000t\000e\000r\000o\000v\000e\000c\000t\000o\000r\000.\000h\000p\000p\000\040\000F\000i\000l\000e\000\040\000R\000e\000f\000e\000r\000e\000n\000c\000e}{chapter.4}% 22
\BOOKMARK [2][-]{subsection.4.3.1}{\376\377\0004\000.\0003\000.\0001\000\040\000D\000e\000t\000a\000i\000l\000e\000d\000\040\000D\000e\000s\000c\000r\000i\000p\000t\000i\000o\000n}{section.4.3}% 23
